<?xml version="1.0" encoding="UTF-8"?>
<testsuite name="com.jojoldu.book.springboot.web.HelloControllerTest" tests="2" skipped="0" failures="0" errors="0" timestamp="2021-03-27T09:01:57" hostname="DESKTOP-5DDHBRT" time="0.375">
  <properties/>
  <testcase name="hellotest" classname="com.jojoldu.book.springboot.web.HelloControllerTest" time="0.166"/>
  <testcase name="helloDtoTest" classname="com.jojoldu.book.springboot.web.HelloControllerTest" time="0.208"/>
  <system-out><![CDATA[2021-03-27 18:01:54.596  INFO 7012 --- [    Test worker] .b.t.a.w.s.WebMvcTestContextBootstrapper : Neither @ContextConfiguration nor @ContextHierarchy found for test class [com.jojoldu.book.springboot.web.HelloControllerTest], using SpringBootContextLoader
2021-03-27 18:01:54.599  INFO 7012 --- [    Test worker] o.s.t.c.support.AbstractContextLoader    : Could not detect default resource locations for test class [com.jojoldu.book.springboot.web.HelloControllerTest]: no resource found for suffixes {-context.xml, Context.groovy}.
2021-03-27 18:01:54.601  INFO 7012 --- [    Test worker] t.c.s.AnnotationConfigContextLoaderUtils : Could not detect default configuration classes for test class [com.jojoldu.book.springboot.web.HelloControllerTest]: HelloControllerTest does not declare any static, non-private, non-final, nested classes annotated with @Configuration.
2021-03-27 18:01:54.759  INFO 7012 --- [    Test worker] .b.t.c.SpringBootTestContextBootstrapper : Found @SpringBootConfiguration com.jojoldu.book.springboot.Application for test class com.jojoldu.book.springboot.web.HelloControllerTest
2021-03-27 18:01:54.775  INFO 7012 --- [    Test worker] .b.t.a.w.s.WebMvcTestContextBootstrapper : Loaded default TestExecutionListener class names from location [META-INF/spring.factories]: [org.springframework.security.test.context.support.WithSecurityContextTestExecutionListener, org.springframework.security.test.context.support.ReactorContextTestExecutionListener, org.springframework.boot.test.autoconfigure.restdocs.RestDocsTestExecutionListener, org.springframework.boot.test.autoconfigure.web.client.MockRestServiceServerResetTestExecutionListener, org.springframework.boot.test.autoconfigure.web.servlet.MockMvcPrintOnlyOnFailureTestExecutionListener, org.springframework.boot.test.autoconfigure.web.servlet.WebDriverTestExecutionListener, org.springframework.boot.test.mock.mockito.MockitoTestExecutionListener, org.springframework.boot.test.mock.mockito.ResetMocksTestExecutionListener, org.springframework.test.context.web.ServletTestExecutionListener, org.springframework.test.context.support.DirtiesContextBeforeModesTestExecutionListener, org.springframework.test.context.support.DependencyInjectionTestExecutionListener, org.springframework.test.context.support.DirtiesContextTestExecutionListener, org.springframework.test.context.transaction.TransactionalTestExecutionListener, org.springframework.test.context.jdbc.SqlScriptsTestExecutionListener]
2021-03-27 18:01:54.796  INFO 7012 --- [    Test worker] .b.t.a.w.s.WebMvcTestContextBootstrapper : Using TestExecutionListeners: [org.springframework.test.context.web.ServletTestExecutionListener@25cfb4a7, org.springframework.test.context.support.DirtiesContextBeforeModesTestExecutionListener@6a33586, org.springframework.boot.test.mock.mockito.MockitoTestExecutionListener@1ec542d3, org.springframework.boot.test.autoconfigure.SpringBootDependencyInjectionTestExecutionListener@48850b6b, org.springframework.test.context.support.DirtiesContextTestExecutionListener@10b7f450, org.springframework.test.context.transaction.TransactionalTestExecutionListener@f27ecc5, org.springframework.test.context.jdbc.SqlScriptsTestExecutionListener@3bc0e428, org.springframework.security.test.context.support.WithSecurityContextTestExecutionListener@5bfe6e68, org.springframework.security.test.context.support.ReactorContextTestExecutionListener@74c41433, org.springframework.boot.test.autoconfigure.restdocs.RestDocsTestExecutionListener@44b58faa, org.springframework.boot.test.autoconfigure.web.client.MockRestServiceServerResetTestExecutionListener@7868d2b0, org.springframework.boot.test.autoconfigure.web.servlet.MockMvcPrintOnlyOnFailureTestExecutionListener@50cd6efb, org.springframework.boot.test.autoconfigure.web.servlet.WebDriverTestExecutionListener@47c9d5d, org.springframework.boot.test.mock.mockito.ResetMocksTestExecutionListener@6cdc8aa7]

  .   ____          _            __ _ _
 /\\ / ___'_ __ _ _(_)_ __  __ _ \ \ \ \
( ( )\___ | '_ | '_| | '_ \/ _` | \ \ \ \
 \\/  ___)| |_)| | | | | || (_| |  ) ) ) )
  '  |____| .__|_| |_|_| |_\__, | / / / /
 =========|_|==============|___/=/_/_/_/
 :: Spring Boot ::        (v2.1.7.RELEASE)

2021-03-27 18:01:54.927  INFO 7012 --- [    Test worker] c.j.b.s.web.HelloControllerTest          : Starting HelloControllerTest on DESKTOP-5DDHBRT with PID 7012 (started by 문법식 in C:\Users\문법식\Desktop\개인공부\GitKraken\SpringBoot\freelec-springboot2-webservice)
2021-03-27 18:01:54.941  INFO 7012 --- [    Test worker] c.j.b.s.web.HelloControllerTest          : No active profile set, falling back to default profiles: default
2021-03-27 18:01:56.230  INFO 7012 --- [    Test worker] o.s.s.concurrent.ThreadPoolTaskExecutor  : Initializing ExecutorService 'applicationTaskExecutor'
2021-03-27 18:01:56.307  INFO 7012 --- [    Test worker] o.s.b.a.w.s.WelcomePageHandlerMapping    : Adding welcome page template: index
2021-03-27 18:01:56.975  INFO 7012 --- [    Test worker] .s.s.UserDetailsServiceAutoConfiguration : 

Using generated security password: 5dcc7743-fa87-4e0e-a4f8-4d56d65e2903

2021-03-27 18:01:57.404  INFO 7012 --- [    Test worker] o.s.s.web.DefaultSecurityFilterChain     : Creating filter chain: any request, [org.springframework.security.web.context.request.async.WebAsyncManagerIntegrationFilter@2406c3de, org.springframework.security.web.context.SecurityContextPersistenceFilter@2024a6c2, org.springframework.security.web.header.HeaderWriterFilter@432764e0, org.springframework.security.web.csrf.CsrfFilter@1e1dac3e, org.springframework.security.web.authentication.logout.LogoutFilter@5dee9dda, org.springframework.security.web.authentication.UsernamePasswordAuthenticationFilter@6640ad55, org.springframework.security.web.authentication.ui.DefaultLoginPageGeneratingFilter@467c7ef8, org.springframework.security.web.authentication.ui.DefaultLogoutPageGeneratingFilter@3bf520ca, org.springframework.security.web.authentication.www.BasicAuthenticationFilter@57249aa5, org.springframework.security.web.savedrequest.RequestCacheAwareFilter@4cb9a6e9, org.springframework.security.web.servletapi.SecurityContextHolderAwareRequestFilter@3441cbfa, org.springframework.security.web.authentication.AnonymousAuthenticationFilter@487764a3, org.springframework.security.web.session.SessionManagementFilter@30285ce6, org.springframework.security.web.access.ExceptionTranslationFilter@15df25da, org.springframework.security.web.access.intercept.FilterSecurityInterceptor@7370d310]
2021-03-27 18:01:57.511  INFO 7012 --- [    Test worker] o.s.b.t.m.w.SpringBootMockServletContext : Initializing Spring TestDispatcherServlet ''
2021-03-27 18:01:57.511  INFO 7012 --- [    Test worker] o.s.t.web.servlet.TestDispatcherServlet  : Initializing Servlet ''
2021-03-27 18:01:57.553  INFO 7012 --- [    Test worker] o.s.t.web.servlet.TestDispatcherServlet  : Completed initialization in 42 ms
2021-03-27 18:01:57.629  INFO 7012 --- [    Test worker] c.j.b.s.web.HelloControllerTest          : Started HelloControllerTest in 2.822 seconds (JVM running for 26.827)

MockHttpServletRequest:
      HTTP Method = GET
      Request URI = /hello/dto
       Parameters = {name=[hello], amount=[1000]}
          Headers = []
             Body = <no character encoding set>
    Session Attrs = {SPRING_SECURITY_CONTEXT=org.springframework.security.core.context.SecurityContextImpl@ca25360: Authentication: org.springframework.security.authentication.UsernamePasswordAuthenticationToken@ca25360: Principal: org.springframework.security.core.userdetails.User@36ebcb: Username: user; Password: [PROTECTED]; Enabled: true; AccountNonExpired: true; credentialsNonExpired: true; AccountNonLocked: true; Granted Authorities: ROLE_USER; Credentials: [PROTECTED]; Authenticated: true; Details: null; Granted Authorities: ROLE_USER}

Handler:
             Type = com.jojoldu.book.springboot.web.HelloController
           Method = public com.jojoldu.book.springboot.web.dto.HelloResponseDto com.jojoldu.book.springboot.web.HelloController.helloDto(java.lang.String,int)

Async:
    Async started = false
     Async result = null

Resolved Exception:
             Type = null

ModelAndView:
        View name = null
             View = null
            Model = null

FlashMap:
       Attributes = null

MockHttpServletResponse:
           Status = 200
    Error message = null
          Headers = [Content-Type:"application/json;charset=UTF-8", X-Content-Type-Options:"nosniff", X-XSS-Protection:"1; mode=block", Cache-Control:"no-cache, no-store, max-age=0, must-revalidate", Pragma:"no-cache", Expires:"0", X-Frame-Options:"DENY"]
     Content type = application/json;charset=UTF-8
             Body = {"name":"hello","amount":1000}
    Forwarded URL = null
   Redirected URL = null
          Cookies = []
]]></system-out>
  <system-err><![CDATA[]]></system-err>
</testsuite>
