<?xml version="1.0" encoding="UTF-8"?>
<testsuite name="com.jojoldu.book.springboot.web.ProfileControllerUnitTest" tests="3" skipped="0" failures="0" errors="0" timestamp="2021-04-03T11:47:28" hostname="DESKTOP-5DDHBRT" time="0.006">
  <properties/>
  <testcase name="real_profile이_없으면_첫_번째가_조회된다" classname="com.jojoldu.book.springboot.web.ProfileControllerUnitTest" time="0.004"/>
  <testcase name="active_profile이_없으면_default가_조회된다" classname="com.jojoldu.book.springboot.web.ProfileControllerUnitTest" time="0.0"/>
  <testcase name="real_profile이_조회된다" classname="com.jojoldu.book.springboot.web.ProfileControllerUnitTest" time="0.0"/>
  <system-out><![CDATA[]]></system-out>
  <system-err><![CDATA[]]></system-err>
</testsuite>
