<?xml version="1.0" encoding="UTF-8"?>
<testsuite name="com.jojoldu.book.springboot.web.IndexControllerTest" tests="1" skipped="0" failures="0" errors="0" timestamp="2021-04-03T11:47:28" hostname="DESKTOP-5DDHBRT" time="0.124">
  <properties/>
  <testcase name="mainPage_loading" classname="com.jojoldu.book.springboot.web.IndexControllerTest" time="0.124"/>
  <system-out><![CDATA[2021-04-03 20:47:28.099  INFO 22668 --- [    Test worker] .b.t.c.SpringBootTestContextBootstrapper : Neither @ContextConfiguration nor @ContextHierarchy found for test class [com.jojoldu.book.springboot.web.IndexControllerTest], using SpringBootContextLoader
2021-04-03 20:47:28.099  INFO 22668 --- [    Test worker] o.s.t.c.support.AbstractContextLoader    : Could not detect default resource locations for test class [com.jojoldu.book.springboot.web.IndexControllerTest]: no resource found for suffixes {-context.xml, Context.groovy}.
2021-04-03 20:47:28.099  INFO 22668 --- [    Test worker] t.c.s.AnnotationConfigContextLoaderUtils : Could not detect default configuration classes for test class [com.jojoldu.book.springboot.web.IndexControllerTest]: IndexControllerTest does not declare any static, non-private, non-final, nested classes annotated with @Configuration.
2021-04-03 20:47:28.099  INFO 22668 --- [    Test worker] .b.t.c.SpringBootTestContextBootstrapper : Found @SpringBootConfiguration com.jojoldu.book.springboot.Application for test class com.jojoldu.book.springboot.web.IndexControllerTest
2021-04-03 20:47:28.099  INFO 22668 --- [    Test worker] .b.t.c.SpringBootTestContextBootstrapper : Loaded default TestExecutionListener class names from location [META-INF/spring.factories]: [org.springframework.security.test.context.support.WithSecurityContextTestExecutionListener, org.springframework.security.test.context.support.ReactorContextTestExecutionListener, org.springframework.boot.test.autoconfigure.restdocs.RestDocsTestExecutionListener, org.springframework.boot.test.autoconfigure.web.client.MockRestServiceServerResetTestExecutionListener, org.springframework.boot.test.autoconfigure.web.servlet.MockMvcPrintOnlyOnFailureTestExecutionListener, org.springframework.boot.test.autoconfigure.web.servlet.WebDriverTestExecutionListener, org.springframework.boot.test.mock.mockito.MockitoTestExecutionListener, org.springframework.boot.test.mock.mockito.ResetMocksTestExecutionListener, org.springframework.test.context.web.ServletTestExecutionListener, org.springframework.test.context.support.DirtiesContextBeforeModesTestExecutionListener, org.springframework.test.context.support.DependencyInjectionTestExecutionListener, org.springframework.test.context.support.DirtiesContextTestExecutionListener, org.springframework.test.context.transaction.TransactionalTestExecutionListener, org.springframework.test.context.jdbc.SqlScriptsTestExecutionListener]
2021-04-03 20:47:28.114  INFO 22668 --- [    Test worker] .b.t.c.SpringBootTestContextBootstrapper : Using TestExecutionListeners: [org.springframework.test.context.web.ServletTestExecutionListener@233e89b5, org.springframework.test.context.support.DirtiesContextBeforeModesTestExecutionListener@762d2ecc, org.springframework.boot.test.mock.mockito.MockitoTestExecutionListener@a09a687, org.springframework.boot.test.autoconfigure.SpringBootDependencyInjectionTestExecutionListener@4824766, org.springframework.test.context.support.DirtiesContextTestExecutionListener@53a60562, org.springframework.test.context.transaction.TransactionalTestExecutionListener@4ce20a94, org.springframework.test.context.jdbc.SqlScriptsTestExecutionListener@b98b011, org.springframework.security.test.context.support.WithSecurityContextTestExecutionListener@1db76f73, org.springframework.security.test.context.support.ReactorContextTestExecutionListener@7ed9f4b2, org.springframework.boot.test.autoconfigure.restdocs.RestDocsTestExecutionListener@22b3f757, org.springframework.boot.test.autoconfigure.web.client.MockRestServiceServerResetTestExecutionListener@6ce5d328, org.springframework.boot.test.autoconfigure.web.servlet.MockMvcPrintOnlyOnFailureTestExecutionListener@4a8fe530, org.springframework.boot.test.autoconfigure.web.servlet.WebDriverTestExecutionListener@7bc2e4b7, org.springframework.boot.test.mock.mockito.ResetMocksTestExecutionListener@4676bdd7]
Hibernate: select posts0_.id as id1_0_, posts0_.created_date as created_2_0_, posts0_.modified_date as modified3_0_, posts0_.author as author4_0_, posts0_.content as content5_0_, posts0_.title as title6_0_ from posts posts0_ order by posts0_.id DESC
]]></system-out>
  <system-err><![CDATA[]]></system-err>
</testsuite>
