<?xml version="1.0" encoding="UTF-8"?>
<testsuite name="com.jojoldu.book.springboot.web.HelloControllerTest" tests="2" skipped="0" failures="0" errors="0" timestamp="2021-04-03T11:47:27" hostname="DESKTOP-5DDHBRT" time="0.243">
  <properties/>
  <testcase name="hellotest" classname="com.jojoldu.book.springboot.web.HelloControllerTest" time="0.051"/>
  <testcase name="helloDtoTest" classname="com.jojoldu.book.springboot.web.HelloControllerTest" time="0.189"/>
  <system-out><![CDATA[2021-04-03 20:47:25.302  INFO 22668 --- [    Test worker] .b.t.a.w.s.WebMvcTestContextBootstrapper : Neither @ContextConfiguration nor @ContextHierarchy found for test class [com.jojoldu.book.springboot.web.HelloControllerTest], using SpringBootContextLoader
2021-04-03 20:47:25.317  INFO 22668 --- [    Test worker] o.s.t.c.support.AbstractContextLoader    : Could not detect default resource locations for test class [com.jojoldu.book.springboot.web.HelloControllerTest]: no resource found for suffixes {-context.xml, Context.groovy}.
2021-04-03 20:47:25.317  INFO 22668 --- [    Test worker] t.c.s.AnnotationConfigContextLoaderUtils : Could not detect default configuration classes for test class [com.jojoldu.book.springboot.web.HelloControllerTest]: HelloControllerTest does not declare any static, non-private, non-final, nested classes annotated with @Configuration.
2021-04-03 20:47:25.349  INFO 22668 --- [    Test worker] .b.t.c.SpringBootTestContextBootstrapper : Found @SpringBootConfiguration com.jojoldu.book.springboot.Application for test class com.jojoldu.book.springboot.web.HelloControllerTest
2021-04-03 20:47:25.364  INFO 22668 --- [    Test worker] .b.t.a.w.s.WebMvcTestContextBootstrapper : Loaded default TestExecutionListener class names from location [META-INF/spring.factories]: [org.springframework.security.test.context.support.WithSecurityContextTestExecutionListener, org.springframework.security.test.context.support.ReactorContextTestExecutionListener, org.springframework.boot.test.autoconfigure.restdocs.RestDocsTestExecutionListener, org.springframework.boot.test.autoconfigure.web.client.MockRestServiceServerResetTestExecutionListener, org.springframework.boot.test.autoconfigure.web.servlet.MockMvcPrintOnlyOnFailureTestExecutionListener, org.springframework.boot.test.autoconfigure.web.servlet.WebDriverTestExecutionListener, org.springframework.boot.test.mock.mockito.MockitoTestExecutionListener, org.springframework.boot.test.mock.mockito.ResetMocksTestExecutionListener, org.springframework.test.context.web.ServletTestExecutionListener, org.springframework.test.context.support.DirtiesContextBeforeModesTestExecutionListener, org.springframework.test.context.support.DependencyInjectionTestExecutionListener, org.springframework.test.context.support.DirtiesContextTestExecutionListener, org.springframework.test.context.transaction.TransactionalTestExecutionListener, org.springframework.test.context.jdbc.SqlScriptsTestExecutionListener]
2021-04-03 20:47:25.364  INFO 22668 --- [    Test worker] .b.t.a.w.s.WebMvcTestContextBootstrapper : Using TestExecutionListeners: [org.springframework.test.context.web.ServletTestExecutionListener@1017a329, org.springframework.test.context.support.DirtiesContextBeforeModesTestExecutionListener@4a1c4e59, org.springframework.boot.test.mock.mockito.MockitoTestExecutionListener@32d25bd2, org.springframework.boot.test.autoconfigure.SpringBootDependencyInjectionTestExecutionListener@66e34dd4, org.springframework.test.context.support.DirtiesContextTestExecutionListener@4b40b4ca, org.springframework.test.context.transaction.TransactionalTestExecutionListener@6386557d, org.springframework.test.context.jdbc.SqlScriptsTestExecutionListener@432a8e14, org.springframework.security.test.context.support.WithSecurityContextTestExecutionListener@3f5be648, org.springframework.security.test.context.support.ReactorContextTestExecutionListener@71f3f38d, org.springframework.boot.test.autoconfigure.restdocs.RestDocsTestExecutionListener@200f7d73, org.springframework.boot.test.autoconfigure.web.client.MockRestServiceServerResetTestExecutionListener@37420d48, org.springframework.boot.test.autoconfigure.web.servlet.MockMvcPrintOnlyOnFailureTestExecutionListener@574bc44e, org.springframework.boot.test.autoconfigure.web.servlet.WebDriverTestExecutionListener@394a3ab1, org.springframework.boot.test.mock.mockito.ResetMocksTestExecutionListener@62f53c0e]

  .   ____          _            __ _ _
 /\\ / ___'_ __ _ _(_)_ __  __ _ \ \ \ \
( ( )\___ | '_ | '_| | '_ \/ _` | \ \ \ \
 \\/  ___)| |_)| | | | | || (_| |  ) ) ) )
  '  |____| .__|_| |_|_| |_\__, | / / / /
 =========|_|==============|___/=/_/_/_/
 :: Spring Boot ::        (v2.1.7.RELEASE)

2021-04-03 20:47:25.458  INFO 22668 --- [    Test worker] c.j.b.s.web.HelloControllerTest          : Starting HelloControllerTest on DESKTOP-5DDHBRT with PID 22668 (started by 문법식 in C:\Users\문법식\Desktop\개인공부\GitKraken\freelec-springboot2-webservice)
2021-04-03 20:47:25.458  INFO 22668 --- [    Test worker] c.j.b.s.web.HelloControllerTest          : No active profile set, falling back to default profiles: default
2021-04-03 20:47:26.770  INFO 22668 --- [    Test worker] o.s.s.concurrent.ThreadPoolTaskExecutor  : Initializing ExecutorService 'applicationTaskExecutor'
2021-04-03 20:47:26.849  INFO 22668 --- [    Test worker] o.s.b.a.w.s.WelcomePageHandlerMapping    : Adding welcome page template: index
2021-04-03 20:47:27.349  INFO 22668 --- [    Test worker] .s.s.UserDetailsServiceAutoConfiguration : 

Using generated security password: 41f8eaf5-d382-4e67-8310-5030bec5d46f

2021-04-03 20:47:27.708  INFO 22668 --- [    Test worker] o.s.s.web.DefaultSecurityFilterChain     : Creating filter chain: any request, [org.springframework.security.web.context.request.async.WebAsyncManagerIntegrationFilter@1a55c8af, org.springframework.security.web.context.SecurityContextPersistenceFilter@b5f3d7b, org.springframework.security.web.header.HeaderWriterFilter@1cc65b5c, org.springframework.security.web.csrf.CsrfFilter@34455573, org.springframework.security.web.authentication.logout.LogoutFilter@40f31c41, org.springframework.security.web.authentication.UsernamePasswordAuthenticationFilter@41d1774e, org.springframework.security.web.authentication.ui.DefaultLoginPageGeneratingFilter@4ae122ac, org.springframework.security.web.authentication.ui.DefaultLogoutPageGeneratingFilter@6085797, org.springframework.security.web.authentication.www.BasicAuthenticationFilter@5ab0f94d, org.springframework.security.web.savedrequest.RequestCacheAwareFilter@550fc65c, org.springframework.security.web.servletapi.SecurityContextHolderAwareRequestFilter@7bbd7b1a, org.springframework.security.web.authentication.AnonymousAuthenticationFilter@5b2fbc8a, org.springframework.security.web.session.SessionManagementFilter@2b66b7a, org.springframework.security.web.access.ExceptionTranslationFilter@232fb438, org.springframework.security.web.access.intercept.FilterSecurityInterceptor@2560847b]
2021-04-03 20:47:27.755  INFO 22668 --- [    Test worker] o.s.b.t.m.w.SpringBootMockServletContext : Initializing Spring TestDispatcherServlet ''
2021-04-03 20:47:27.755  INFO 22668 --- [    Test worker] o.s.t.web.servlet.TestDispatcherServlet  : Initializing Servlet ''
2021-04-03 20:47:27.770  INFO 22668 --- [    Test worker] o.s.t.web.servlet.TestDispatcherServlet  : Completed initialization in 15 ms
2021-04-03 20:47:27.833  INFO 22668 --- [    Test worker] c.j.b.s.web.HelloControllerTest          : Started HelloControllerTest in 2.453 seconds (JVM running for 34.018)

MockHttpServletRequest:
      HTTP Method = GET
      Request URI = /hello/dto
       Parameters = {name=[hello], amount=[1000]}
          Headers = []
             Body = <no character encoding set>
    Session Attrs = {SPRING_SECURITY_CONTEXT=org.springframework.security.core.context.SecurityContextImpl@ca25360: Authentication: org.springframework.security.authentication.UsernamePasswordAuthenticationToken@ca25360: Principal: org.springframework.security.core.userdetails.User@36ebcb: Username: user; Password: [PROTECTED]; Enabled: true; AccountNonExpired: true; credentialsNonExpired: true; AccountNonLocked: true; Granted Authorities: ROLE_USER; Credentials: [PROTECTED]; Authenticated: true; Details: null; Granted Authorities: ROLE_USER}

Handler:
             Type = com.jojoldu.book.springboot.web.HelloController
           Method = public com.jojoldu.book.springboot.web.dto.HelloResponseDto com.jojoldu.book.springboot.web.HelloController.helloDto(java.lang.String,int)

Async:
    Async started = false
     Async result = null

Resolved Exception:
             Type = null

ModelAndView:
        View name = null
             View = null
            Model = null

FlashMap:
       Attributes = null

MockHttpServletResponse:
           Status = 200
    Error message = null
          Headers = [Content-Type:"application/json;charset=UTF-8", X-Content-Type-Options:"nosniff", X-XSS-Protection:"1; mode=block", Cache-Control:"no-cache, no-store, max-age=0, must-revalidate", Pragma:"no-cache", Expires:"0", X-Frame-Options:"DENY"]
     Content type = application/json;charset=UTF-8
             Body = {"name":"hello","amount":1000}
    Forwarded URL = null
   Redirected URL = null
          Cookies = []
]]></system-out>
  <system-err><![CDATA[]]></system-err>
</testsuite>
