<?xml version="1.0" encoding="UTF-8"?>
<testsuite name="com.jojoldu.book.springboot.web.dto.HelloResponseDtoTest" tests="1" skipped="0" failures="0" errors="0" timestamp="2021-03-27T09:01:54" hostname="DESKTOP-5DDHBRT" time="0.019">
  <properties/>
  <testcase name="lombokTest" classname="com.jojoldu.book.springboot.web.dto.HelloResponseDtoTest" time="0.019"/>
  <system-out><![CDATA[]]></system-out>
  <system-err><![CDATA[]]></system-err>
</testsuite>
