<?xml version="1.0" encoding="UTF-8"?>
<testsuite name="com.jojoldu.book.springboot.web.HelloControllerTest" tests="2" skipped="0" failures="0" errors="0" timestamp="2021-03-25T11:56:45" hostname="DESKTOP-5DDHBRT" time="0.23">
  <properties/>
  <testcase name="hellotest" classname="com.jojoldu.book.springboot.web.HelloControllerTest" time="0.067"/>
  <testcase name="helloDtoTest" classname="com.jojoldu.book.springboot.web.HelloControllerTest" time="0.162"/>
  <system-out><![CDATA[2021-03-25 20:56:43.075  INFO 17212 --- [    Test worker] .b.t.a.w.s.WebMvcTestContextBootstrapper : Neither @ContextConfiguration nor @ContextHierarchy found for test class [com.jojoldu.book.springboot.web.HelloControllerTest], using SpringBootContextLoader
2021-03-25 20:56:43.077  INFO 17212 --- [    Test worker] o.s.t.c.support.AbstractContextLoader    : Could not detect default resource locations for test class [com.jojoldu.book.springboot.web.HelloControllerTest]: no resource found for suffixes {-context.xml, Context.groovy}.
2021-03-25 20:56:43.077  INFO 17212 --- [    Test worker] t.c.s.AnnotationConfigContextLoaderUtils : Could not detect default configuration classes for test class [com.jojoldu.book.springboot.web.HelloControllerTest]: HelloControllerTest does not declare any static, non-private, non-final, nested classes annotated with @Configuration.
2021-03-25 20:56:43.119  INFO 17212 --- [    Test worker] .b.t.c.SpringBootTestContextBootstrapper : Found @SpringBootConfiguration com.jojoldu.book.springboot.Application for test class com.jojoldu.book.springboot.web.HelloControllerTest
2021-03-25 20:56:43.121  INFO 17212 --- [    Test worker] .b.t.a.w.s.WebMvcTestContextBootstrapper : Loaded default TestExecutionListener class names from location [META-INF/spring.factories]: [org.springframework.security.test.context.support.WithSecurityContextTestExecutionListener, org.springframework.security.test.context.support.ReactorContextTestExecutionListener, org.springframework.boot.test.autoconfigure.restdocs.RestDocsTestExecutionListener, org.springframework.boot.test.autoconfigure.web.client.MockRestServiceServerResetTestExecutionListener, org.springframework.boot.test.autoconfigure.web.servlet.MockMvcPrintOnlyOnFailureTestExecutionListener, org.springframework.boot.test.autoconfigure.web.servlet.WebDriverTestExecutionListener, org.springframework.boot.test.mock.mockito.MockitoTestExecutionListener, org.springframework.boot.test.mock.mockito.ResetMocksTestExecutionListener, org.springframework.test.context.web.ServletTestExecutionListener, org.springframework.test.context.support.DirtiesContextBeforeModesTestExecutionListener, org.springframework.test.context.support.DependencyInjectionTestExecutionListener, org.springframework.test.context.support.DirtiesContextTestExecutionListener, org.springframework.test.context.transaction.TransactionalTestExecutionListener, org.springframework.test.context.jdbc.SqlScriptsTestExecutionListener]
2021-03-25 20:56:43.125  INFO 17212 --- [    Test worker] .b.t.a.w.s.WebMvcTestContextBootstrapper : Using TestExecutionListeners: [org.springframework.test.context.web.ServletTestExecutionListener@1cdcc005, org.springframework.test.context.support.DirtiesContextBeforeModesTestExecutionListener@419850fc, org.springframework.boot.test.mock.mockito.MockitoTestExecutionListener@53f43cf7, org.springframework.boot.test.autoconfigure.SpringBootDependencyInjectionTestExecutionListener@4db4bd8b, org.springframework.test.context.support.DirtiesContextTestExecutionListener@379290d0, org.springframework.test.context.transaction.TransactionalTestExecutionListener@348e396e, org.springframework.test.context.jdbc.SqlScriptsTestExecutionListener@466fa88c, org.springframework.security.test.context.support.WithSecurityContextTestExecutionListener@2e5f0d2f, org.springframework.security.test.context.support.ReactorContextTestExecutionListener@de81c24, org.springframework.boot.test.autoconfigure.restdocs.RestDocsTestExecutionListener@48e811be, org.springframework.boot.test.autoconfigure.web.client.MockRestServiceServerResetTestExecutionListener@7378fbe7, org.springframework.boot.test.autoconfigure.web.servlet.MockMvcPrintOnlyOnFailureTestExecutionListener@2518a6d2, org.springframework.boot.test.autoconfigure.web.servlet.WebDriverTestExecutionListener@685c8769, org.springframework.boot.test.mock.mockito.ResetMocksTestExecutionListener@60311e3d]

  .   ____          _            __ _ _
 /\\ / ___'_ __ _ _(_)_ __  __ _ \ \ \ \
( ( )\___ | '_ | '_| | '_ \/ _` | \ \ \ \
 \\/  ___)| |_)| | | | | || (_| |  ) ) ) )
  '  |____| .__|_| |_|_| |_\__, | / / / /
 =========|_|==============|___/=/_/_/_/
 :: Spring Boot ::        (v2.1.7.RELEASE)

2021-03-25 20:56:43.228  INFO 17212 --- [    Test worker] c.j.b.s.web.HelloControllerTest          : Starting HelloControllerTest on DESKTOP-5DDHBRT with PID 17212 (started by 문법식 in C:\Users\문법식\Desktop\개인공부\GitKraken\SpringBoot\freelec-springboot2-webservice)
2021-03-25 20:56:43.229  INFO 17212 --- [    Test worker] c.j.b.s.web.HelloControllerTest          : No active profile set, falling back to default profiles: default
2021-03-25 20:56:44.327  INFO 17212 --- [    Test worker] o.s.s.concurrent.ThreadPoolTaskExecutor  : Initializing ExecutorService 'applicationTaskExecutor'
2021-03-25 20:56:44.412  INFO 17212 --- [    Test worker] o.s.b.a.w.s.WelcomePageHandlerMapping    : Adding welcome page template: index
2021-03-25 20:56:44.895  INFO 17212 --- [    Test worker] .s.s.UserDetailsServiceAutoConfiguration : 

Using generated security password: a2e6169a-cd9e-4d3c-bf9d-b9f7427554ee

2021-03-25 20:56:45.215  INFO 17212 --- [    Test worker] o.s.s.web.DefaultSecurityFilterChain     : Creating filter chain: any request, [org.springframework.security.web.context.request.async.WebAsyncManagerIntegrationFilter@2ab079d0, org.springframework.security.web.context.SecurityContextPersistenceFilter@12cf8568, org.springframework.security.web.header.HeaderWriterFilter@4d5435d0, org.springframework.security.web.csrf.CsrfFilter@72b6c85d, org.springframework.security.web.authentication.logout.LogoutFilter@29970e8d, org.springframework.security.web.authentication.UsernamePasswordAuthenticationFilter@151dd4a7, org.springframework.security.web.authentication.ui.DefaultLoginPageGeneratingFilter@60733ebe, org.springframework.security.web.authentication.ui.DefaultLogoutPageGeneratingFilter@3d3c3ed5, org.springframework.security.web.authentication.www.BasicAuthenticationFilter@3ed158d1, org.springframework.security.web.savedrequest.RequestCacheAwareFilter@22ef188e, org.springframework.security.web.servletapi.SecurityContextHolderAwareRequestFilter@4ef943b6, org.springframework.security.web.authentication.AnonymousAuthenticationFilter@99ffe73, org.springframework.security.web.session.SessionManagementFilter@9e4e807, org.springframework.security.web.access.ExceptionTranslationFilter@7ce99f20, org.springframework.security.web.access.intercept.FilterSecurityInterceptor@7a48b86e]
2021-03-25 20:56:45.252  INFO 17212 --- [    Test worker] o.s.b.t.m.w.SpringBootMockServletContext : Initializing Spring TestDispatcherServlet ''
2021-03-25 20:56:45.253  INFO 17212 --- [    Test worker] o.s.t.web.servlet.TestDispatcherServlet  : Initializing Servlet ''
2021-03-25 20:56:45.267  INFO 17212 --- [    Test worker] o.s.t.web.servlet.TestDispatcherServlet  : Completed initialization in 14 ms
2021-03-25 20:56:45.338  INFO 17212 --- [    Test worker] c.j.b.s.web.HelloControllerTest          : Started HelloControllerTest in 2.208 seconds (JVM running for 30.926)

MockHttpServletRequest:
      HTTP Method = GET
      Request URI = /hello/dto
       Parameters = {name=[hello], amount=[1000]}
          Headers = []
             Body = <no character encoding set>
    Session Attrs = {SPRING_SECURITY_CONTEXT=org.springframework.security.core.context.SecurityContextImpl@ca25360: Authentication: org.springframework.security.authentication.UsernamePasswordAuthenticationToken@ca25360: Principal: org.springframework.security.core.userdetails.User@36ebcb: Username: user; Password: [PROTECTED]; Enabled: true; AccountNonExpired: true; credentialsNonExpired: true; AccountNonLocked: true; Granted Authorities: ROLE_USER; Credentials: [PROTECTED]; Authenticated: true; Details: null; Granted Authorities: ROLE_USER}

Handler:
             Type = com.jojoldu.book.springboot.web.HelloController
           Method = public com.jojoldu.book.springboot.web.dto.HelloResponseDto com.jojoldu.book.springboot.web.HelloController.helloDto(java.lang.String,int)

Async:
    Async started = false
     Async result = null

Resolved Exception:
             Type = null

ModelAndView:
        View name = null
             View = null
            Model = null

FlashMap:
       Attributes = null

MockHttpServletResponse:
           Status = 200
    Error message = null
          Headers = [Content-Type:"application/json;charset=UTF-8", X-Content-Type-Options:"nosniff", X-XSS-Protection:"1; mode=block", Cache-Control:"no-cache, no-store, max-age=0, must-revalidate", Pragma:"no-cache", Expires:"0", X-Frame-Options:"DENY"]
     Content type = application/json;charset=UTF-8
             Body = {"name":"hello","amount":1000}
    Forwarded URL = null
   Redirected URL = null
          Cookies = []
]]></system-out>
  <system-err><![CDATA[]]></system-err>
</testsuite>
